<?xml version="1.0" encoding="UTF-8"?>
<!-- Generated by org.testng.reporters.JUnitXMLReporter -->
<testsuite hostname="DP080" ignored="0" tests="5" failures="0" timestamp="06 лип. 2018 13:57:03 GMT" time="36.294" errors="0">
  <testcase name="testUIelementsMainPageNotLogin" time="0.463" classname="TestSuite1"/>
  <testcase name="testGmailLink" time="1.97" classname="TestSuite1"/>
  <testcase name="testImagesLink" time="0.6" classname="TestSuite1"/>
  <testcase name="testSearchResult" time="0.924" classname="TestSuite1"/>
  <testcase name="testSettingsLink" time="0.252" classname="TestSuite1"/>
</testsuite>
